<?xml version="1.0" encoding="UTF-8"?>
<!-- Generated by org.testng.reporters.JUnitReportReporter -->
<testsuite hostname="Owner" failures="0" tests="7" name="Runner.Runner" time="0.154" errors="0" timestamp="2024-01-11T22:44:52 EST" skipped="0">
  <testcase classname="Runner.Runner" name="runScenario" time="0.007"/>
  <testcase classname="Runner.Runner" name="runScenario" time="0.007"/>
  <testcase classname="Runner.Runner" name="runScenario" time="0.010"/>
  <testcase classname="Runner.Runner" name="runScenario" time="0.007"/>
  <testcase classname="Runner.Runner" name="runScenario" time="0.103"/>
  <testcase classname="Runner.Runner" name="runScenario" time="0.008"/>
  <testcase classname="Runner.Runner" name="runScenario" time="0.012"/>
</testsuite> <!-- Runner.Runner -->
